[  000000] Initializig grp subss puet
[   0.0000] italiznggroupsubsys cpu
[    0.000000] Initializing cgroup subsys cpuacct
[    0.000000] Linux versio 4.4.079geerc buildd@lcy01-30) (gcc version 5.4.0 20160609 (Ubuntu 54.-6butu~16.4.) #1-Ubunt S W May179::14 UTC 17(Ubuntu 4.4.0-79.100-enic 44.)[   .000] ommad neBOOTIME=bot/vmnu4..0-79geri rt=LAELloimg-rotfrocosolett1 nsole=ttyS0
[   0.000]ERNE spprtd pus:
[   0.000]  Inl nuneInel[   0.00]  A AheicAMD[   000000]  ntur CetaHas
[  .000] x8/f: tae_ofet]:576,stteizs[2]  6[   0.00] x8/f: uporti XVEfetu 01:'x87loin poit giers'
   00000] x8fp: pporinXSE eaur0x2:'SE registers'
[   0000 x86fpu: Sppting XAVfetue x04: 'VXreisrs'
  0.000] x6/u:nabl xat fatures 0x7, context size is 832 bytes, using 'standard' format.
[    0.000000] x86/fpu Unglazy' FPU context switches.
[    0000e820 BS-ovidd hyic RAMma
   000000]IOe820 [m 00000000000000-0x000000000009fbff] usable
[  .0000]BI-e82 [m x00000009f0-0x0000009ffff]reerved
[    0.000000] BIOS-e820: [mem 0x00000000000f0000-0x000000000fffff] reserved
[  00000] IO-e20 [em 0x0000001000-x000003ffff] able
[  00000]BI-e80: [mm x000003fff000x0000003fffffACI data
[   00000]BI-e0: [me0x0000fec00000-0x000000c0fff] reservd
[   0.000] BIOe80:[mm 0x00000f0000-0000000ee00ff rseed
[   .000] IOS-e8: em0x000000ff00-0x000000fffff] reserved
[    0.000000] NX (Execute Disable) protection: active
[    0.000000 SBI 2. pset.
[    .000000] Hyperis dteted: KM[   000000] e820: last_pfn = 0x3fff0 max_arh_n 0x00000000
[    0.000000] MTRR: Disabled
[    0.000000] x86/PAT: MTRRs disabled, skipping PAT initialization too.
[    0.000000] x86/PAT: Configuration [0-7]: WB  WT U-     WT U-   
[    0000]CPU MTRRs all blank - virtualizedsyte
   0.000000] found MPP-ble t em0x009fff0-x09fff mapd t fff88000009fff0]
[    0.000000] Scanning 1 areas for low memory corruption
[    0.000000 RDI: [m 06a000-0x75ff]
[   00000 ACP: rl tle cckumveificti dsaed
[    0.0000 AI:RSDP 0x000000000000 0004 (v02VBX 
    0.000]ACI: XST x000003FF003 003 (v01 VBOX   VBOXXSDT 0000 ASL  0000)
[   00000 ACP: AC0x0000003FF0F0000F (v04 VBX   VBXFCP000000AS  000061
[  0.000]CPI: DT x000003FFF47 021 (v02BO  BOXBIO 0002 INL 0152)
[  .0000] AI:AC 000003FF0200 00040[   0.000]ACI: FCS 0x000000003FFF0200 000040
[    0.000000] ACPI: APIC 0x000000003FFF0240 00005C(v02 VBOX   VBOXAPIC 00000001 ASL  00000061)
[    0.000000] ACPI: SSD 000000003FFF02A0 0001CC (v01 VBOX   VBOCP 000002 NT200028)
[   0000 No NUMA configuration found
[    0.000000] Faking a node at [mem 0x0000000000000000-0x000000003ffffff]
[  0.00000 NDEATA(0)aloced[mem 3feb00x3fffff]
[   .00000kvclck: inms 4b54d a 4b5d0
[   0.0000]kv-cock: cpu 0, msr 0:3fe01prmarycpclck
[    0.000000] kvm-clock: using ch ose of 3391205 cls
[    0.000000] clocksource: kvm-clock: mask: 0xffffffffffffffff max_cycles: 0x1cd42e4dffb, max_idle_ns: 881590591483 ns
[    0.000000] Zone ranges:
[    0.000000]   DMA      [mem 0x0000000000001000-0x0000000000ffffff]
[    .000000]   DMA32    me0x00000001000-x00000ffff]   0000000   orma  empt
  0.00000  vie  empty
[    0.000000] Movbl znestartfor acno
    .000] rly meornoe ange
  .00000   node   0: [mem 0x000000000000000x0000009eff]  0.0000  od  0:me0x00000010000x000000003ffeffff]
[    0.000000] Initmem setup node 0 [mem 0x0000000000001000-0x000000003ffeffff]
[    0.000000] ACPI: PM-Timer IO Port: 0x4008
[    0.000000] IOAPIC[0]: apic_id 2, version 32, address 0xfec00000, GSI 0-23   0.000 API: T_C_VR (us0 s_q 0 lol_rq 2 d d)[   0.00] ACI:NTRCOVR bu0 s_irq 9 global_irq 9 low level)
[   .000] UsngCP(MAD f S congutin infomaon[   0.00] smbo: lowing 2 PU 0otlug CPUs
[    0.000000]PM Riseredose emory: [mem 0x0000000x000ff]
[  00000]M:egstedose memry[m 0000900x009fff][   0.000]M: Regier nsae meor: me 0000a000x00ffff]
[    00000 P: Reiserd osve mmoy:[me 000f0000-0x00fff]
[   0.00000 e20[mem 0x400000xebffff] aibl for CIevce
[   .000000] Bootg aravitulid erne on VM
[   .000000] clocksource: refined-jiffies: mask: 0xffffffff max_cycles: 0xffffffff, max_idle_ns: 7645519600211568 ns
[    0.000000] stu_pcp: NRCPS:2 _cpuas_bs:12 nr_cpuid2 r_de_ids
  .00000PECP: Emeded33ages/cpu @ff8003fc000 s98264 r19d271 u104856[  0.000]  qspinlock hash table entries: 256 (order: 0, 4096 bytes)
[    0.000000] Built 1 zoeltsn Nodeorermolity groupngon  otl ages: 573[    0.000]Poic zone:DM2
[   .000000] Kernel cmmndli: OOT_MAE=/botmlinz-4.79-generic ooLAL=loudmgrofsroconsletycosolettS0[   0.000]ID hshabe entres: 40 (de: 3, 32768 bytes)
[    0.000000] Mmo: 00816K10810Kvalable (8469K kernel code, 1294K rwdata, 394Krota1484 it,136K bss, 46304K resered0Kcm-reserved)
[    0.000000] SLUB: HWalign=64, Order=0-3, MinObjts=0, CPUs=2, Nodes=1
[   .000000]HirachcaRCU implmetaon
[   .000] 	Buid-ime ajutment of eafaut to 64.
[    0.000000] 	RCU restricting CPUs from NR_CPUS=512 to nr_cpu_ids=2.
[    0.000000] RCU: Adjutig eoety forc_fnot_laf4,r_pu_is=
[   00000] NR_IQS33024 nr_irqs:440 16
[    0.0000 Cnsle: coouVG 80x5[   .00000 cnsle[tty] naed
[    0.000]cosole [ttyS0] enabled
[   0.000000] tsc: Detected 4199.996 MHz processor
[   14.334978] Calibrating delay loop (skipped) preset value.. 8399.99 BogoMIPS (lpj=16799984)
[   14.425147] pid_max: default: 32768 minimum: 301
[   14.435516] ACPI: Core revision 20150930
[   14.438088] ACPI: 2 ACPI AML tables successfully acquired and loaded
[   14.505753] Security Framework initialized
[   14.540838] Yama: becoming mindful.
[   14.598980] AppArmor: AppArmor initialized
[   14.620910] Dentry cache hash table entries: 131072 (order: 8, 1048576 bytes)
[   14.633571] Inode-cache hash table entries: 65536 (order: 7, 524288 bytes)
[   14.732182] Mount-cache hash table entries: 2048 (order: 2, 16384 bytes)
[   14.778361] Mountpoint-cache hash table entries: 2048 (order: 2, 16384 bytes)
[   14.893009] Initializing cgroup subsys io
[   14.925358] Initializing cgroup subsys memory
[   15.008653] Initializing cgroup subsys devices
[   15.009302] Initializing cgroup subsys freezer
[   15.009996] Initializing cgroup subsys net_cls
[   15.028258] Initializing cgroup subsys perf_event
[   15.110600] Initializing cgroup subsys net_prio
[   15.168758] Initializing cgroup subsys hugetlb
[   15.260845] Initializing cgroup subsys pids
[   15.287269] CPU: Physical Processor ID: 0
[   15.287880] CPU: Processor Core ID: 0
[   15.289352] mce: CPU supports 0 MCE banks
[   15.365019] Last level iTLB entries: 4KB 64, 2MB 8, 4MB 8
[   15.505008] Last level dTLB entries: 4KB 64, 2MB 0, 4MB 0, 1GB 4
[   15.628660] Freeing SMP alternatives memory: 32K (ffffffff820b8000 - ffffffff820c0000)
[   15.727478] ftrace: allocating 32127 entries in 126 pages
[   15.812748] smpboot: APIC(0) Converting physical 0 to logical package 0
[   15.915547] smpboot: Max logical packages: 1
[   15.941846] x2apic enabled
[   16.006857] Switched APIC routing to physical x2apic.
[   16.021862] ..TIMER: vector=0x30 apic1=0 pin1=2 apic2=-1 pin2=-1
[   16.128358] smpboot: CPU0: Intel(R) Core(TM) i7-7700K CPU @ 4.20GHz (family: 0x6, model: 0x9e, stepping: 0x9)
[   16.303080] Performance Events: unsupported p6 CPU model 158 no PMU driver, software events only.
[   16.369390] KVM setup paravirtual spinlock
[   16.449397] x86: Booting SMP configuration:
[   16.550221] .... node  #0, CPUs:      #1
[   16.620335] kvm-clock: cpu 1, msr 0:3ffe3041, secondary cpu clock
[   16.638091] mce: CPU supports 0 MCE banks
[   16.641927] x86: Booted up 1 node, 2 CPUs
[   16.651372] smpboot: Total of 2 processors activated (16799.98 BogoMIPS)
[   16.652737] devtmpfs: initialized
[   16.656828] evm: security.selinux
[   16.705616] evm: security.SMACK64
[   16.739241] evm: security.SMACK64EXEC
[   16.739725] evm: security.SMACK64TRANSMUTE
[   16.770258] evm: security.SMACK64MMAP
[   16.800970] evm: security.ima
[   16.801445] evm: security.capability
[   16.866187] clocksource: jiffies: mask: 0xffffffff max_cycles: 0xffffffff, max_idle_ns: 7645041785100000 ns
[   16.905735] futex hash table entries: 512 (order: 3, 32768 bytes)
[   16.976343] pinctrl core: initialized pinctrl subsystem
[   16.982743] RTC time: 13:06:29, date: 05/07/18
[   17.003999] NET: Registered protocol family 16
[   17.076843] cpuidle: using governor ladder
[   17.161098] cpuidle: using governor menu
[   17.211894] PCCT header not found.
[   17.213620] ACPI: bus type PCI registered
[   17.271064] acpiphp: ACPI Hot Plug PCI Controller Driver version: 0.5
[   17.377001] PCI: Using configuration type 1 for base access
[   17.480943] ACPI: Added _OSI(Module Device)
[   17.554445] ACPI: Added _OSI(Processor Device)
[   17.629207] ACPI: Added _OSI(3.0 _SCP Extensions)
[   17.706322] ACPI: Added _OSI(Processor Aggregator Device)
[   17.798539] ACPI: Executed 1 blocks of module-level executable AML code
[   17.924636] ACPI: Interpreter enabled
[   17.977458] ACPI: (supports S0 S5)
[   18.047194] ACPI: Using IOAPIC for interrupt routing
[   18.159701] PCI: Using host bridge windows from ACPI; if necessary, use "pci=nocrs" and report a bug
[   18.329702] ACPI: PCI Root Bridge [PCI0] (domain 0000 [bus 00-ff])
[   18.474339] acpi PNP0A03:00: _OSC: OS supports [ASPM ClockPM Segments MSI]
[   18.570753] acpi PNP0A03:00: _OSC: not requesting OS control; OS requires [ExtendedConfig ASPM ClockPM MSI]
[   18.733743] acpi PNP0A03:00: fail to add MMCONFIG information, can't access extended PCI configuration space under this bridge.
[   18.985430] PCI host bridge to bus 0000:00
[   19.075988] pci_bus 0000:00: root bus resource [io  0x0000-0x0cf7 window]
[   19.195213] pci_bus 0000:00: root bus resource [io  0x0d00-0xffff window]
[   19.296607] pci_bus 0000:00: root bus resource [mem 0x000a0000-0x000bffff window]
[   19.426147] pci_bus 0000:00: root bus resource [mem 0x40000000-0xfdffffff window]
[   19.469959] pci_bus 0000:00: root bus resource [bus 00-ff]
[   19.471730] pci 0000:00:01.1: legacy IDE quirk: reg 0x10: [io  0x01f0-0x01f7]
[   19.540832] pci 0000:00:01.1: legacy IDE quirk: reg 0x14: [io  0x03f6]
[   19.544374] pci 0000:00:01.1: legacy IDE quirk: reg 0x18: [io  0x0170-0x0177]
[   19.585318] pci 0000:00:01.1: legacy IDE quirk: reg 0x1c: [io  0x0376]
[   19.655558] pci 0000:00:07.0: quirk: [io  0x4000-0x403f] claimed by PIIX4 ACPI
[   19.688127] pci 0000:00:07.0: quirk: [io  0x4100-0x410f] claimed by PIIX4 SMB
[   19.713026] ACPI: PCI Interrupt Link [LNKA] (IRQs 5 9 10 *11)
[   19.804452] ACPI: PCI Interrupt Link [LNKB] (IRQs 5 9 *10 11)
[   19.899982] ACPP: PCI Interrupt Link [LNKC] (IRQs 5 *9 10 11)
[   19.993463] ACPI: PCI Interrupt Link [LNKD] (IRQs 5 9 10 *11)
[   20.081284] ACPI: Enabled 2 GPEs in block 00 to 07
[   20.155807] vgaarb: setting as boot device: PCI:0000:00:02.0
[   20.187412] vgaarb: device added: PCI:0000:00:02.0,decodes=io+mem,owns=io+mem,locks=none
[   20.215076] vgaarb: loaded
[   20.254845] vgaarb: bridge control possible 0000:00:02.0
[   20.364445] SCSI subsystem initialized
[   20.424635] ACPI: bus type USB registered
[   20.484580] usbcore: registered new interface driver usbfs
[   20.584747] usbcore: registered new interface driver hub
[   20.689125] usbcore: registered new device driver usb
[   20.729570] PCI: Using ACPI for IRQ routing
[   20.774778] NetLabel: Initializing
[   20.833864] NetLabel:  domain hash size = 128
[   20.865121] NetLabel:  protocols = UNLABELED CIPSOv4
[   20.926765] NetLabel:  unlabeled traffic allowed by default
[   21.037132] amd_nb: Cannot enumerate AMD northbridges
[   21.110492] clocksource: Switched to clocksource kvm-clock
[   1.81] pAorAprm Fesst Enabled
[  26466 p: nPCP it  1.78] p:nPCP fnd dics
[   22.446058] clocksource: acpi_pm: mask: 0xffffff max_cycles: 0xffffff, max_idle_ns: 2085701024 ns
[   22.470100] NET: Registered protocol family 2
[   22.494545] TCP established hash table entries: 8192 (order: 4, 65536 bytes)
[   22.505473] TCP bind hash table entries: 8192 (order: 5, 131072 bytes)
[   22.519602] TCP: Hash tables configured (established 8192 bind 8192)
[   22.523878] UDP hash table entries: 512 (order: 2, 16384 bytes)
[   22.530590] UDP-Lite hash table entries: 512 (order: 2, 16384 bytes)
[   22.535846] NET: Registered protocol family 1
[   22.559098] pci 0000:00:00.0: Limiting direct PCI/PCI transfers
[   22.564775] pci 0000:00:01.0: Activating ISA DMA hang workarounds
[   22.576274] Unpacking initramfs...
[ 23451]rein itr mor 164 (ff8036a00 fff880756d000)[  2.66536]lafo rc_mo riserd atrmRTdeic(n PP eve ou)[ 2524726] Scanning for low memory corruption every 60 seconds
[   25.531800] audit: initializing netlink subsys (disabled)
[   25.532439] audit: type=2000 audit(1525698382.605:1): initialized
[   25.533291] Initialise system trusted keyring
[   25.533926] HugeTLB registered 2 MB page size, pre-allocated 0 pages
[   25.629923] zbud: loaded
[   25.670950] tsc: Refined TSC clocksource calibration: 4197.679 MHz
[   25.79923clksrc tc:as 0fffffffff axycs:0x810752 m_ile_n: 4052572 
ÿ[ 28123VF Dk ots uo6.0
[   25.810743] VFS: Dquot-cache hash table entries: 512 (order 0, 4096 bytes)
[   25.810901] squashfs: version 4.0 (2009/01/31) Phillip Lougher
[   25.811096] fuse init (API version 7.23)
[   25.811175] Key type big_key registered
[   25.811185] Allocating IMA MOK and blacklist keyrings.
[   25.811304] Key type asymmetric registered
[   25.811308] Asymmetric key parser 'x509' registered
[   25.811328] Block layer SCSI generic (bsg) driver version 0.4 loaded (major 249)
[   25.811347] io scheduler noop registered
[   25.811348] io scheduler deadline registered (default)
[   25.811364] io scheduler cfq registered
[   25.811439] pci_hotplug: PCI Hot Plug PCI Core version: 0.5
[   25.811442] pciehp: PCI Express Hot Plug Controller Driver version: 0.4
[   25.811582] ACPI: AC Adapter [AC] (on-line)
[   25.811618] input: Power Button as /devices/LNXSYSTM:00/LNXPWRBN:00/input/input0
[   25.811620] ACPI: Power Button [PWRF]
[   25.811664] input: Sleep Button as /devices/LNXSYSTM:00/LNXSLPBN:00/input/input1
[   25.811665] ACPI: Sleep Button [SLPF]
[   25.811757] GHES: HEST is not enabled!
[   25.811809] Serial: 8250/16550 driver, 32 ports, IRQ sharing enabled
[   26.809972] 00:02: ttyS0 at I/O 0x3f8 (irq = 4, base_baud = 115200) is a 16550A
[   27.258316] Linux agpgart interface v0.103
[   27.279600] loop: module loaded
[   27.279963] scsi host0: ata_piix
[   27.280029] scsi host1: ata_piix
[   27.280057] ata1: PATA max UDMA/33 cmd 0x1f0 ctl 0x3f6 bmdma 0xd000 irq 14
[   27.280057] ata2: PATA max UDMA/33 cmd 0x170 ctl 0x376 bmdma 0xd008 irq 15
[   27.280123] libphy: Fixed MDIO Bus: probed
[   27.280125] tun: Universal TUN/TAP device driver, 1.6
[   27.280126] tun: (C) 1999-2004 Max Krasnyansky <maxk@qualcomm.com>
[   27.280160] PPP generic driver version 2.4.2
[   27.280204] ehci_hcd: USB 2.0 'Enhanced' Host Controller (EHCI) Driver
[   27.280207] ehci-pci: EHCI PCI platform driver
[   27.280221] ehci-platform: EHCI generic platform driver
[   27.280228] ohci_hcd: USB 1.1 'Open' Host Controller (OHCI) Driver
[   27.280231] ohci-pci: OHCI PCI platform driver
[   27.280238] ohci-platform: OHCI generic platform driver
[   27.280244] uhci_hcd: USB Universal Host Controller Interface driver
[   27.280293] i8042: PNP: PS/2 Controller [PNP0303:PS2K,PNP0f03:PS2M] at 0x60,0x64 irq 1,12
[   27.324488] serio: i8042 KBD port at 0x60,0x64 irq 1
[   27.324492] serio: i8042 AUX port at 0x60,0x64 irq 12
[   27.324639] mousedev: PS/2 mouse device common for all mice
[   27.324925] rtc_cmos rtc_cmos: rtc core: registered rtc_cmos as rtc0
[   27.324976] rtc_cmos rtc_cmos: alarms up to one day, 114 bytes nvram
[   27.324982] i2c /dev entries driver
[   27.325053] device-mapper: uevent: version 1.0.3
[   27.325116] device-mapper: ioctl: 4.34.0-ioctl (2015-10-28) initialised: dm-devel@redhat.com
[   27.325133] ledtrig-cpu: registered to indicate activity on CPUs
[   27.325361] NET: Registered protocol family 10
[   27.325506] NET: Registered protocol family 17
[   27.325532] Key type dns_resolver registered
[   27.326163] microcode: CPU0 sig=0x906e9, pf=0x8, revision=0x0
[   27.326169] microcode: CPU1 sig=0x906e9, pf=0x8, revision=0x0
[   27.326206] microcode: Microcode Update Driver: v2.01 <tigran@aivazian.fsnet.co.uk>, Peter Oruba
[   27.326297] registered taskstats version 1
[   27.326306] Loading compiled-in X.509 certificates
[   27.326804] Loaded X.509 cert 'Build time autogenerated kernel key: 761c03361fb5ffec61c19dca354b3d4126495503'
[   27.326836] zswap: loaded using pool lzo/zbud
[   27.327998] Key type trusted registered
[   27.329845] Key type encrypted registered
[   27.329850] AppArmor: AppArmor sha1 policy hashing enabled
[   27.329852] ima: No TPM chip found, activating TPM-bypass!
[   27.329866] evm: HMAC attrs: 0x1
[   27.330108]   Magic number: 2:960:128
[   27.330133] acpi PNP0C02:00: hash matches
[   27.351227] rtc_cmos rtc_cmos: setting system clock to 2018-05-07 13:06:39 UTC (1525698399)
[   27.351534] BIOS EDD facility v0.16 2004-Jun-25, 0 devices found
[   27.351535] EDD information not available.
[   27.446965] input: AT Translated Set 2 keyboard as /devices/platform/i8042/serio0/input/input2
[   29.844358] Freeing unused kernel memory: 1484K (ffffffff81f45000 - ffffffff820b8000)
[   29.897976] Write protecting the kernel read-only data: 14336k
[   29.899713] Freeing unused kernel memory: 1760K (ffff880001848000 - ffff880001a00000)
[   29.970329] Freeing unused kernel memory: 112K (ffff880001de4000 - ffff880001e00000)
Loading, please [   30.051813] random: systemd-udevd: uninitialized urandom read (16 bytes read, 7 bits of entropy available)
wait...
starting version 229
[   30.052191] random: udevadm: uninitialized urandom read (16 bytes read, 7 bits of entropy available)
[   30.052213] random: udevadm: uninitialized urandom read (16 bytes read, 7 bits of entropy available)
[   30.052292] random: udevadm: uninitialized urandom read (16 bytes read, 7 bits of entropy available)
[   30.052320] random: udevadm: uninitialized urandom read (16 bytes read, 7 bits of entropy available)
[   30.052343] random: udevadm: uninitialized urandom read (16 bytes read, 7 bits of entropy available)
[   30.052373] random: udevadm: uninitialized urandom read (16 bytes read, 7 bits of entropy available)
[   30.052416] random: udevadm: uninitialized urandom read (16 bytes read, 7 bits of entropy available)
[   30.052439] random: udevadm: uninitialized urandom read (16 bytes read, 7 bits of entropy available)
[   30.052462] random: udevadm: uninitialized urandom read (16 bytes read, 7 bits of entropy available)
[   30.533628] e1000: Intel(R) PRO/1000 Network Driver - version 7.3.21-k8-NAPI
[   30.603708] e1000: Copyright (c) 1999-2006 Intel Corporation.
[   30.604629] Fusion MPT base driver 3.04.20
[   30.647670] Copyright (c) 1999-2008 LSI Corporation
[   30.661436] Fusion MPT SPI Host driver 3.04.20
[   30.717198] AVX2 version of gcm_enc/dec engaged.
[   30.745180] AES CTR mode by8 optimization enabled
[   30.857355] input: ImExPS/2 Generic Explorer Mouse as /devices/platform/i8042/serio1/input/input4
[   31.032912] e1000 0000:00:03.0 eth0: (PCI:33MHz:32-bit) 02:10:b7:55:45:c0
[   31.156981] e1000 0000:00:03.0 eth0: Intel(R) PRO/1000 Network Connection
[   31.643252] e1000 0000:00:08.0 eth1: (PCI:33MHz:32-bit) 08:00:27:83:66:77
[   31.772742] e1000 0000:00:08.0 eth1: Intel(R) PRO/1000 Network Connection
[   31.843082] e1000 0000:00:03.0 enp0s3: renamed from eth0
[   31.870356] mptbase: ioc0: Initiating bringup
[   31.962758] e1000 0000:00:08.0 enp0s8: renamed from eth1
[   32.011149] ioc0: LSI53C1030 A0: Capabilities={Initiator}
[   32.607490] scsi host2: ioc0: LSI53C1030 A0, FwRev=00000000h, Ports=1, MaxQ=256, IRQ=20
[   33.031483] scsi 2:0:0:0: Direct-Access     VBOX     HARDDISK         1.0  PQ: 0 ANSI: 5
[   33.066333] scsi target2:0:0: Beginning Domain Validation
[   33.075612] scsi target2:0:0: Domain Validation skipping write tests
[   33.167287] scsi target2:0:0: Ending Domain Validation
[   33.169692] scsi target2:0:0: asynchronous
[   33.219676] scsi 2:0:1:0: Direct-Access     VBOX     HARDDISK         1.0  PQ: 0 ANSI: 5
[   33.261239] scsi target2:0:1: Beginning Domain Validation
[   33.262746] scsi target2:0:1: Domain Validation skipping write tests
[   33.268907] scsi target2:0:1: Ending Domain Validation
[   33.284491] scsi target2:0:1: asynchronous
[   33.297157] sd 2:0:0:0: Attached scsi generic sg0 type 0
[   33.301388] sd 2:0:0:0: [sda] 20971520 512-byte logical blocks: (10.7 GB/10.0 GiB)
[   33.302523] sd 2:0:0:0: [sda] Write Protect is off
[   33.303270] sd 2:0:0:0: [sda] Incomplete mode parameter data
[   33.305272] sd 2:0:0:0: [sda] Assuming drive cache: write through
[   33.306178] sd 2:0:1:0: [sdb] 20480 512-byte logical blocks: (10.5 MB/10.0 MiB)
[   33.317883] sd 2:0:1:0: Attached scsi generic sg1 type 0
[   33.318886] sd 2:0:1:0: [sdb] Write Protect is off
[   33.324122] sd 2:0:1:0: [sdb] Incomplete mode parameter data
[   33.374832] sd 2:0:1:0: [sdb] Assuming drive cache: write through
[   33.375554]  sda: sda1
[   33.377172] sd 2:0:0:0: [sda] Attached SCSI disk
[   33.387466] sd 2:0:1:0: [sdb] Attached SCSI disk
[   33.612944] floppy0: no floppy controllers found
Begin: Loading e[   35.056993] md: linear personality registered for level -1
ssential drivers[   35.164214] md: multipath personality registered for level -4
 ... [   35.217319] md: raid0 personality registered for level 0
[   35.260954] md: raid1 personality registered for level 1
[   35.338917] raid6: sse2x1   gen() 13451 MB/s
[   35.482853] raid6: sse2x1   xor() 10585 MB/s
[   35.618754] raid6: sse2x2   gen() 15976 MB/s
[   35.714605] raid6: sse2x2   xor() 12022 MB/s
[   35.822760] raid6: sse2x4   gen() 18659 MB/s
[   35.962697] raid6: sse2x4   xor() 10332 MB/s
[   36.083112] raid6: avx2x1   gen() 17992 MB/s
[   36.166612] raid6: avx2x2   gen() 21373 MB/s
[   36.242870] raid6: avx2x4   gen() 27205 MB/s
[   36.257669] raid6: using algorithm avx2x4 gen() 27205 MB/s
[   36.258314] raid6: using avx2x2 recovery algorithm
[   36.260027] xor: automatically using best checksumming function:
[   36.306509]    avx       : 26988.000 MB/sec
[   36.351261] async_tx: api initialized (async)
[   36.381938] md: raid6 personality registered for level 6
[   36.399754] md: raid5 personality registered for level 5
[   36.416808] md: raid4 personality registered for level 4
[   36.443949] md: raid10 personality registered for level 10
done.
Begin: Running /scripts/init-premount ... done.
Begin: Mounti[   36.505484] Btrfs loaded
ng root file system ... Begin: Running /scripts/[   36.572546] EXT4-fs (sda1): mounted filesystem with ordered data mode. Opts: (null)
local-top ... done.
Begin: Running /scripts/local-premount ... Scanning for Btrfs filesystems
done.
Warning: fsck not present, so skipping root file system
done.
Begin: Running /scripts/local-bottom ... done.
Begin: Running /scripts/init-bottom ... done.
[   6.82] std[: ysmd29unngn sytemo. PA+AITSEINUX+I +PAORSMK YSNI+UP IBYPET +RY +UT +ACL +XZ -LZ4 +SECCOMP +BLKID +ELFUTILS +KMOD -IDN)
[   38.410840] systemd[1]: Detected virtualization oracle.
[   38.421089] systemd[1]: Detected architecture x86-64.

Welcome to [1mUbuntu 16.04.2 LTS[0m!

[ 3823968] systemd[]:etosamtoubun-xia.
[   39.024923] random: nonblocking pool is initialized
[   39.163360] systemd[1]: Listening on Journal Audit Socket.
[[0;32m  OK  [0m] Listening on Journal Audit Socket.
[   39.265646] systemd[1]: Started Trigger resolvconf update for networkd DNS.
[[0;32m  OK  [0m] Started Trigger resolvconf update for networkd DNS.
[   39.274913] systemd[1]: Reached target Swap.
[[0;32m  OK  [0m] Reached target Swap.
[  39.947]ysmd]: Created slice System Slice.

[[0;32m  OK  [0m] Created slice System Slice.
[ 39405]ystemd[1]: LstinondeCoroSocket.

[[0;32m  OK  [0m] Listening on udev Control Socket.
[   40.129973] systemd[1]: Listening on Journal Socket.
[[0;32m  OK  [0m] Listening on Journal Socket.
[   40.210963] systemd[1]: Starting Create list of required static device nodes for the current kernel...
         Starting Create list of required st... nodes for the current kernel...
[   40.298685] systemd[1]: Starting Nameserver information manager...
         Starting Nameserver information manager...
[   40.386998] std[: eahe target User ad ouNameLoup
[[0;32m  OK  [0m] Reached target User and Group Name Lookups.
[   40.874783] systemd[1]: Starting Load Kernel Modules...
         [   40.972191] Loading iSCSI transport class v2.0-870.
Starting Load Kernel Modules...
[   40.978579] systemd[1]: Starting Uncomplicated firewall...
         [   41.079853] iscsi: registered transport (tcp)
Starting Uncompl[   41.129028] iscsi: registered transport (iser)
icated firewall...
[   41.147007] systemd[1]: Created slice User and Session Slice.
[[0;32m  OK  [0m] Created slice User and Session Slice.
[   41.235997] systemd[1]: Starting Set console keymap...
         Starting Set console keymap...
[   41.350897] systemd[1]: Set up automount Arbitrary Executable File Formats File System Automount Point.
[[0;32m  OK  [0m] Set up automount Arbitrary Executab...ats File System Automount Point.
[   41.454800] systemd[1]: Mounting Huge Pages File System...
         Mounting Huge Pages File System...
[   41.539105] systemd[1]: Listening on udev Kernel Socket.
[[0;32m  OK  [0m] Listening on udev Kernel Socket.
[   41.602970] systemd[1]: Listening on LVM2 poll daemon socket.
[[0;32m  OK  [0m] Listening on LVM2 poll daemon socket.
[   41.751874] systemd[1]: Started Forward Password Requests to Wall Directory Watch.
[[0;32m  OK  [0m] Started Forward Password Requests to Wall Directory Watch.
[   41.878912] systemd[1]: Mounting Debug File System...
         Mounting Debug File System...
[   41.927096] systemd[1]: Reached target Slices.
[[0;32m  OK  [0m] Reached target Slices.
[   42.014760] systemd[1]: Starting Remount Root and Kernel File Systems...
[   42.019550] EXT4-fs (sda1): re-mounted. Opts: (null)
         Starting Remount Root and Kernel File Systems...
[   42.114917] systemd[1]: Reached target Encrypted Volumes.
[[0;32m  OK  [0m] Reached target Encrypted Volumes.
[   42.191260] systemd[1]: Listening on Syslog Socket.
[[0;32m  OK  [0m] Listening on Syslog Socket.
[   42.287078] systemd[1]: Created slice system-serial\x2dgetty.slice.
[[0;32m  OK  [0m] Created slice system-serial\x2dgetty.slice.
[   42.364526] systemd[1]: Listening on /dev/initctl Compatibility Named Pipe.
[[0;32m  OK  [0m] Listening on /dev/initctl Compatibility Named Pipe.
[   42.377962] systemd[1]: Listening on LVM2 metadata daemon socket.
[[0;32m  OK  [0m] Listening on LVM2 metadata daemon socket.
[   42.456335] systemd[1]: Listening on Journal Socket (/dev/log).
[[0;32m  OK  [0m] Listening on Journal Socket (/dev/log).
[   42.523326] systemd[1]: Starting Journal Service...
         Starting Journal Service...
[   42.594783] systemd[1]: Mounting POSIX Message Queue File System...
         Mounting POSIX Message Queue File System...
[   42.727142] systemd[1]: Listening on Device-mapper event daemon FIFOs.
[[0;32m  OK  [0m] Listening on Device-mapper event daemon FIFOs.
[   42.810753] systemd[1]: Starting Monitoring of LVM2 mirrors, snapshots etc. using dmeventd or progress polling...
         Starting Monitoring of LVM2 mirrors... dmeventd or progress polling...
[   42.831158] systemd[1]: Mounted Huge Pages File System.
[[0;32m  OK  [0m] Mounted Huge Pages File System.
[   42.871191] systemd[1]: Mounted POSIX Message Queue File System.
[[0;32m  OK  [0m] Mounted POSIX Message Queue File System.
[   42.994764] systemd[1]: Mounted Debug File System.
[[0;32m  OK  [0m] Mounted Debug File System.
[   43.031644] systemd[1]: Started Journal Service.
[[0;32m  OK  [0m] Started Journal Service.
[[0;32m  OK  [0m] Started Create list of required sta...ce nodes for the current kernel.
[[0;32m  OK  [0m] Started Load Kernel Modules.
[[0;32m  OK  [0m] Started Uncomplicated firewall.
[[0;32m  OK  [0m] Started Set console keymap.
[[0;32m  OK  [0m] Started Remount Root and Kernel File Systems.
[[0;32m  OK  [0m] Started Nameserver information manager.
[[0;32m  OK  [0m] Started LVM2 metadata daemon.
         Starting udev Coldplug all Devices...
         Starting Load/Save Random Seed...
         Starting Initial cloud-init job (pre-networking)...
         Mounting FUSE Control File System...
         Starting Apply Kernel Variables...
         Starting Create Static Device Nodes in /dev...
         Starting Flush Journal to Persistent Storage...
[[0;32m  OK  [0m] Mounted FUSE Control File System.
[[0;32m  OK  [0m] Started Monitoring of LVM2 mirrors,...ng dmeventd or progress polling.
[[0;32m  OK  [0m] Started Load/Save Random Seed.
[[0;32m  OK  [0m] Started Apply Kernel Variables.
[[0;32m  OK  [0m] Started Create Static Device Nodes in /dev.
[[0;32m  OK  [0m] Started udev Coldplug all Devices.
[[0;32m  OK  [0m] Started Flush Journal to Persistent Storage.
         Starting udev Kernel Device Manager...
[[0;32m  OK  [0m] Started udev Kernel Device Manager.
[[0;32m  OK  [0m] Reached target Local File Systems (Pre).
[[0;32m  OK  [0m] Reached target Local File Systems.
         Starting LSB: AppArmor initialization...
[   23.648150] cloud-init[449]: Cloud-init v. 0.7.9 running 'init-local' at Mon, 07 May 2018 13:06:56 +0000. Up 23.43 seconds.
         Starting Tell Plymouth To Write Out Runtime Data...
         Starting Set console font and keymap...
         Starting Create Volatile Files and Directories...
[[0;32m  OK  [0m] Started Dispatch Password Requests to Console Directory Watch.
[[0;32m  OK  [0m] Started Tell Plymouth To Write Out Runtime Data.
[[0;32m  OK  [0m] Started Create Volatile Files and Directories.
[[0;32m  OK  [0m] Started Initial cloud-init job (pre-networking).
[[0;32m  OK  [0m] Started Set console font and keymap.
[[0;32m  OK  [0m] Found device /dev/ttyS0.
[[0;32m  OK  [0m] Listening on Load/Save RF Kill Switch Status /dev/rfkill Watch.
[[0;32m  OK  [0m] Created slice system-getty.slice.
[[0;32m  OK  [0m] Reached target Network (Pre).
[[0;32m  OK  [0m] Reached target System Time Synchronized.
         Starting Update UTMP about System Boot/Shutdown...
[[0;32m  OK  [0m] Started LSB: AppArmor initialization.
[[0;32m  OK  [0m] Started ifup for enp0s3.
[[0;32m  OK  [0m] Started ifup for enp0s8.
         Starting Raise network interfaces...
[[0;32m  OK  [0m] Started Update UTMP about System Boot/Shutdown.
[[0;32m  OK  [0m] Started Raise network interfaces.
[[0;32m  OK  [0m] Reached target Network.
         Starting Initial cloud-init job (metadata service crawler)...
[   27.218850] cloud-init[1076]: Cloud-init v. 0.7.9 running 'init' at Mon, 07 May 2018 13:06:59 +0000. Up 27.05 seconds.
[   27.302694] cloud-init[1076]: ci-info: ++++++++++++++++++++++++++++++++++++++Net device info++++++++++++++++++++++++++++++++++++++
[   27.400818] cloud-init[1076]: ci-info: +--------+------+-----------------------------+---------------+-------+-------------------+
[[0;32m  OK  [0m[   27.564212] cloud-init[1076]: ci-info: | Device |  Up  |           Address           |      Mask     | Scope |     Hw-Address    |
[   27.564381] cloud-init[1076]: ci-info: +--------+------+-----------------------------+---------------+-------+-------------------+
[   27.564422] cloud-init[1076]: ci-info: |   lo   | True |          127.0.0.1          |   255.0.0.0   |   .   |         .         |
[   27.564461] cloud-init[1076]: ci-info: |   lo   | True |           ::1/128           |       .       |  host |         .         |
[   27.564499] cloud-init[1076]: ci-info: | enp0s8 | True |         192.168.1.51        | 255.255.255.0 |   .   | 08:00:27:83:66:77 |
[   27.564542] cloud-init[1076]: ci-info: | enp0s8 | True | fe80::a00:27ff:fe83:6677/64 |       .       |  link | 08:00:27:83:66:77 |
[   27.564580] cloud-init[1076]: ci-info: | enp0s3 | True |          10.0.2.15          | 255.255.255.0 |   .   | 02:10:b7:55:45:c0 |
[   27.564639] cloud-init[1076]: ci-info: | enp0s3 | True |  fe80::10:b7ff:fe55:45c0/64 |       .       |  link | 02:10:b7:55:45:c0 |
[   27.564682] cloud-init[1076]: ci-info: +--------+------+-----------------------------+---------------+-------+-------------------+
[   27.564724] cloud-init[1076]: ci-info: +++++++++++++++++++++++++++Route IPv4 info++++++++++++++++++++++++++++
[   27.564762] cloud-init[1076]: ci-info: +-------+-------------+----------+---------------+-----------+-------+
[   27.564800] cloud-init[1076]: ci-info: | Route | Destination | Gateway  |    Genmask    | Interface | Flags |
[   27.564837] cloud-init[1076]: ci-info: +-------+-------------+----------+---------------+-----------+-------+
[   27.564874] cloud-init[1076]: ci-info: |   0   |   0.0.0.0   | 10.0.2.2 |    0.0.0.0    |   enp0s3  |   UG  |
[   27.564911] cloud-init[1076]: ci-info: |   1   |   10.0.2.0  | 0.0.0.0  | 255.255.255.0 |   enp0s3  |   U   |
[   27.564947] cloud-init[1076]: ci-info: |   2   | 192.168.1.0 | 0.0.0.0  | 255.255.255.0 |   enp0s8  |   U   |
[   27.564986] cloud-init[1076]: ci-info: +-------+-------------+----------+---------------+-----------+-------+
] Started Initial cloud-init job (metadata service crawler).
[[0;32m  OK  [0m] Reached target Cloud-config availability.
[[0;32m  OK  [0m] Reached target System Initialization.
[[0;32m  OK  [0m] Listening on D-Bus System Message Bus Socket.
         Starting Socket activation for snappy daemon.
[[0;32m  OK  [0m] Started Daily apt activities.
[[0;32m  OK  [0m] Listening on ACPID Listen Socket.
[[0;32m  OK  [0m] Listening on UUID daemon activation socket.
         Starting LXD - unix socket.
[[0;32m  OK  [0m] Started ACPI Events Check.
[0;32m  OK  [0m] Reached target Paths.
[[0;32m  OK  [0m] Started Daily Cleanup of Temporary Directories.
[[0;32m  OK  [0m] Started Timer to automatically refresh installed snaps.
[[0;32m  OK  [0m] Reached target Timers.
[[0;32m  OK  [0m] Reached target Network is Online.
         Starting iSCSI initiator daemon (iscsid)...
[[0;32m  OK  [0m] Listening on Socket activation for snappy daemon.
[[0;32m  OK  [0m] Listening on LXD - unix socket.
[[0;32m  OK  [0m] Reached target Sockets.
[[0;32m  OK  [0m] Reached target Basic System.
         Starting System Logging Service...
[[0;32m  OK  [0m] Started Unattended Upgrades Shutdown.
         Starting Accounts Service...
[[0;32m  OK  [0m] Started Snappy daemon.
[[0;32m  OK  [0m] Started FUSE filesystem for LXC.
         Starting LSB: Record successful boot for GRUB...
         Starting Apply the settings specified in cloud-config...
[[0;32m  OK  [0m] Started Regular background program processing daemon.
[[0;32m  OK  [0m] Started Deferred execution scheduler.
         Starting LXD - container startup/shutdown...
         Starting /etc/rc.local Compatibility...
[[0;32m  OK  [0m] Started ACPI event daemon.
[   30.534277] cloud-init[1159]: Cloud-init v. 0.7.9 running 'modules:config' at Mon, 07 May 2018 13:07:03 +0000. Up 30.47 seconds.
[[0;32m  OK  [0m] Started D-Bus System Message Bus.
         Starting OpenBSD Secure Shell server...
         Starting LSB: MD monitoring daemon...
         Starting Login Service...
         Starting Auto import assertions from block devices...
[[0;32m  OK  [0m] Started System Logging Service.
[[0;32m  OK  [0m] Started OpenBSD Secure Shell server.
[[0;32m  OK  [0m] Started iSCSI initiator daemon (iscsid).
[[0;32m  OK  [0m] Started Apply the settings specified in cloud-config.
[[0;32m  OK  [0m] Started LXD - container startup/shutdown.
[[0;32m  OK  [0m] Started /etc/rc.local Compatibility.
[[0;32m  OK  [0m] Started Auto import assertions from block devices.
[[0;32m  OK  [0m] Started LSB: Record successful boot for GRUB.
[[0;32m  OK  [0m] Started Login Service.
[[0;32m  OK  [0m] Started LSB: MD monitoring daemon.
         Starting Authenticate and Authorize Users to Run Privileged Tasks...
         Starting Login to default iSCSI targets...
[[0;32m  OK  [0m] Started Authenticate and Authorize Users to Run Privileged Tasks.
[[0;32m  OK  [0m] Started Accounts Service.
[[0;32m  OK  [0m] Started Login to default iSCSI targets.
[[0;32m  OK  [0m] Reached target Remote File Systems (Pre).
[[0;32m  OK  [0m] Reached target Remote File Systems.
         Starting LSB: daemon to balance interrupts for SMP systems...
         Starting LSB: Set the CPU Frequency Scaling governor to "ondemand"...
         Starting LSB: VirtualBox Linux Additions...
         Starting Permit User Sessions...
         Starting LSB: automatic crash report generation...
[[0;32m  OK  [0m] Started Permit User Sessions.
[[0;32m  OK  [0m] Created slice User Slice of ubuntu.
[[0;32m  OK  [0m] Started Session 1 of user ubuntu.
         Starting User Manager for UID 1000...
         Starting Terminate Plymouth Boot Screen...
         Starting Hold until boot process finishes up...
[[0;32m  OK  [0m] Started User Manager for UID 1000.
[[0;32m  OK  [0m] Started LSB: daemon to balance interrupts for SMP systems.
[[0;32m  OK  [0m] Started LSB: Set the CPU Frequency Scaling governor to "ondemand".
[[0;32m  OK  [0m] Started LSB: VirtualBox Linux Additions.
[[0;32m  OK  [0m] Started LSB: automatic crash report generation.
[[0;32m  OK  [0m] Started Terminate Plymouth Boot Screen.
[[0;32m  OK  [0m] Started Hold until boot process finishes up.
[[0;32m  OK  [0m] Started Serial Getty on ttyS0.
[[0;32m  OK  [0m] Started Getty on tty1.
[[0;32m  OK  [0m] Reached target Login Prompts.
         Starting Set console scheme...
[[0;32m  OK  [0m] Reached target Multi-User System.
         Starting Execute cloud user/final scripts...
[[0;32m  OK  [0m] Reached target Graphical Interface.
         Starting Update UTMP about System Runlevel Changes...
[[0;32m  OK  [0m] Started Set console scheme.
[[0;32m  OK  [0m] Started Update UTMP about System Runlevel Changes.
[   32.860665] cloud-init[1323]: Cloud-init v. 0.7.9 running 'modules:final' at Mon, 07 May 2018 13:07:05 +0000. Up 32.77 seconds.
[   32.944687] [cloud-init[0;32m  OK  [0m[1323]: ] Cloud-init v. 0.7.9 finished at Mon, 07 May 2018 13:07:05 +0000. Datasource DataSourceNoCloud [seed=/dev/sdb][dsmode=net].  Up 32.85 secondsStarted Execute cloud user/final scripts.

[[0;32m  OK  [0m] Reached target Cloud-init target.

Ubuntu 16.04.2 LTS ubuntu-xenial ttyS0

ubuntu-xenial login: 